2022-12-17T00:53:45.869Z [error]: Hello again distributed logs
2022-12-17T00:53:45.871Z [info]: Hello again distributed logs
2022-12-17T00:53:45.871Z [warn]: Hello again distributed logs
2022-12-17T00:54:21.323Z [error]: Hello again distributed logs
2022-12-17T00:54:21.325Z [info]: Hello again distributed logs
2022-12-17T00:54:21.325Z [warn]: Hello again distributed logs
2022-12-17T01:03:48.841Z [error]: Hello again distributed logs
2022-12-17T01:03:48.843Z [info]: Hello again distributed logs
2022-12-17T01:03:48.843Z [warn]: Hello again distributed logs
2022-12-17T01:05:57.448Z [error]: Hello again distributed logs
2022-12-17T01:05:57.449Z [info]: Hello again distributed logs
2022-12-17T01:05:57.449Z [warn]: Hello again distributed logs
2022-12-17T01:08:21.350Z [error]: () => ['Hello again distributed logs', 12]
2022-12-17T01:08:21.351Z [info]: () => ['Hello again distributed logs']
2022-12-17T01:08:21.351Z [warn]: () => ['Hello again distributed logs']
2022-12-17T01:09:30.847Z [error]: Hello again distributed logs,12
2022-12-17T01:09:30.849Z [info]: Hello again distributed logs
2022-12-17T01:09:30.849Z [warn]: Hello again distributed logs
2022-12-17T01:10:16.782Z [error]: Hello again distributed logs,12
2022-12-17T01:10:16.784Z [info]: Hello again distributed logs
2022-12-17T01:10:16.784Z [warn]: Hello again distributed logs
2022-12-17T01:11:11.006Z [error]: Hello again distributed logs,12
2022-12-17T01:11:11.007Z [info]: Hello again distributed logs
2022-12-17T01:11:11.007Z [warn]: Hello again distributed logs
2022-12-17T01:15:31.883Z [info]: test message %s, %s
2022-12-17T01:15:31.884Z [error]: Hello again distributed logs,12
2022-12-17T01:15:31.885Z [info]: Hello again distributed logs
2022-12-17T01:15:31.885Z [warn]: Hello again distributed logs
2022-12-17T01:16:12.827Z [info]: test message first, second
2022-12-17T01:16:12.829Z [error]: Hello again distributed logs,12
2022-12-17T01:16:12.829Z [info]: Hello again distributed logs
2022-12-17T01:16:12.829Z [warn]: Hello again distributed logs
{
  level: 'info',
  message: 'test message first, second',
  number: 123,
  timestamp: '2022-12-17T01:19:28.472Z'
}
{
  message: [ 'Hello again distributed logs', 12 ],
  level: 'error',
  timestamp: '2022-12-17T01:19:28.475Z'
}
{
  message: [ 'Hello again distributed logs' ],
  level: 'info',
  timestamp: '2022-12-17T01:19:28.475Z'
}
{
  message: [ 'Hello again distributed logs' ],
  level: 'warn',
  timestamp: '2022-12-17T01:19:28.475Z'
}
2022-12-17T01:22:32.963Z [info]: test message first, second
2022-12-17T01:22:32.965Z [error]: Hello again distributed logs, 12
2022-12-17T01:22:32.965Z [info]: Hello again distributed logs
2022-12-17T01:22:32.965Z [warn]: Hello again distributed logs
2022-12-17T01:23:43.969Z [info]: test message first, second
2022-12-17T01:23:43.970Z [error]: Hello again distributed logs, {"age":12}
2022-12-17T01:23:43.971Z [info]: Hello again distributed logs
2022-12-17T01:23:43.971Z [warn]: Hello again distributed logs
2022-12-17T01:24:20.760Z [info]: test message first, second
2022-12-17T01:24:20.762Z [error]: Hello again distributed logs, undefined
2022-12-17T01:24:20.762Z [info]: Hello again distributed logs
2022-12-17T01:24:20.762Z [warn]: Hello again distributed logs
2022-12-17T01:24:37.222Z [info]: test message first, second
2022-12-17T01:24:37.223Z [error]: Hello again distributed logs, {"age":12}
2022-12-17T01:24:37.224Z [info]: Hello again distributed logs
2022-12-17T01:24:37.224Z [warn]: Hello again distributed logs
2022-12-17T01:24:56.022Z [info]: test message first, second
2022-12-17T01:24:56.026Z [info]: Hello again distributed logs
2022-12-17T01:24:56.026Z [warn]: Hello again distributed logs
2022-12-17T01:25:10.449Z [info]: test message first, second
2022-12-17T01:25:10.451Z [info]: Hello again distributed logs
2022-12-17T01:25:10.451Z [warn]: Hello again distributed logs
2022-12-17T01:25:11.477Z [info]: test message first, second
2022-12-17T01:25:11.479Z [info]: Hello again distributed logs
2022-12-17T01:25:11.479Z [warn]: Hello again distributed logs
2022-12-17T01:25:24.829Z [info]: test message first, second
2022-12-17T01:25:24.831Z [info]: Hello again distributed logs
2022-12-17T01:25:24.831Z [warn]: Hello again distributed logs
2022-12-17T01:26:26.774Z [info]: test message first, second
2022-12-17T01:26:26.775Z [info]: Hello again distributed logs
2022-12-17T01:26:26.775Z [warn]: Hello again distributed logs
2022-12-17T01:26:31.867Z [info]: 123
2022-12-17T01:27:06.810Z [info]: test message first, second
2022-12-17T01:27:06.811Z [info]: Hello again distributed logs
2022-12-17T01:27:06.811Z [warn]: Hello again distributed logs
2022-12-17T01:27:08.765Z [info]: 123, {"age":123444}
2022-12-17T01:28:05.137Z [info]: test message first, second
2022-12-17T01:28:05.138Z [info]: Hello again distributed logs
2022-12-17T01:28:05.139Z [warn]: Hello again distributed logs
2022-12-17T01:29:09.273Z [info]: test message first, second
2022-12-17T01:29:09.275Z [info]: Hello again distributed logs
2022-12-17T01:29:09.275Z [warn]: Hello again distributed logs
2022-12-17T01:37:03.392Z [info]: test message first, second
2022-12-17T01:37:03.394Z [info]: Hello again distributed logs
2022-12-17T01:37:03.394Z [warn]: Hello again distributed logs
2022-12-17T01:37:28.919Z [info]: test message first, second
2022-12-17T01:37:28.922Z [info]: Hello again distributed logs
2022-12-17T01:37:28.922Z [warn]: Hello again distributed logs
2022-12-17T01:37:48.007Z [info]: Hello again distributed logs
2022-12-17T01:37:48.008Z [warn]: Hello again distributed logs
2022-12-17T01:38:38.091Z [info]: Hello again distributed logs
2022-12-17T01:38:38.092Z [warn]: Hello again distributed logs
2022-12-17T01:39:01.435Z [info]: Hello again distributed logs
2022-12-17T01:39:01.437Z [warn]: Hello again distributed logs
2022-12-17T01:39:45.035Z [info]: Hello again distributed logs
2022-12-17T01:39:45.036Z [warn]: Hello again distributed logs
2022-12-17T01:39:46.326Z [info]: 123, {"age":123444}
2022-12-17T01:41:41.183Z [error]: [logger error:error] test
2022-12-17T01:41:41.186Z [info]: Hello again distributed logs
2022-12-17T01:41:41.186Z [warn]: Hello again distributed logs
2022-12-17T01:41:42.913Z [error]: [logger error:info] nima
2022-12-17T01:41:42.914Z [info]: 123, {"age":123444}
2022-12-17T01:43:00.031Z [warn]: [logger error] [level:error] errMsg:test
2022-12-17T01:43:00.034Z [info]: Hello again distributed logs
2022-12-17T01:43:00.034Z [warn]: Hello again distributed logs
2022-12-17T01:43:04.117Z [warn]: [logger error] [level:info] errMsg:nima
2022-12-17T01:43:04.118Z [info]: 123, {"age":123444}
2022-12-17T01:44:08.229Z [warn]: [logger error] [level:error] errMsg:test
2022-12-17T01:44:08.231Z [info]: Hello again distributed logs
2022-12-17T01:44:08.231Z [warn]: Hello again distributed logs
2022-12-17T01:44:09.925Z [warn]: [logger error] [level:info] errMsg:aaaa is not defined
2022-12-17T01:44:09.925Z [info]: 123, {"age":123444}
2022-12-17T01:48:02.597Z [warn]: [logger error] [level:error] errMsg:test
2022-12-17T01:48:02.599Z [info]: Hello again distributed logs
2022-12-17T01:48:02.600Z [warn]: Hello again distributed logs
2022-12-17T01:48:04.507Z [warn]: [logger error] [level:info] errMsg:aaa is not defined
2022-12-17T01:48:04.507Z [info]: 123, {"age":123444}
2022-12-17T01:49:20.074Z [warn]: [logger error] [level:error] errMsg:test
2022-12-17T01:49:20.077Z [info]: Hello again distributed logs
2022-12-17T01:49:20.077Z [warn]: Hello again distributed logs
2022-12-17T01:49:24.445Z [warn]: [logger error] [level:info] errMsg:aaa is not defined
2022-12-17T01:49:24.446Z [info]: 123, {"request":{"method":"GET","url":"/","header":{"host":"127.0.0.1:3000","user-agent":"curl/7.64.1","accept":"*/*"}},"response":{"status":404,"message":"Not Found","header":{}},"app":{"subdomainOffset":2,"proxy":false,"env":"development"},"originalUrl":"/","req":"<original node req>","res":"<original node res>","socket":"<original node socket>"}
2022-12-17T01:59:44.210Z [warn]: [logger error] [level:error] errMsg:test
2022-12-17T01:59:44.212Z [info]: Hello again distributed logs
2022-12-17T01:59:44.212Z [warn]: Hello again distributed logs
2022-12-17T01:59:47.888Z [warn]: [logger error] [level:info] errMsg:aaa is not defined
2022-12-17T01:59:47.889Z [info]: 123, {"request":{"method":"GET","url":"/","header":{"host":"127.0.0.1:3000","user-agent":"curl/7.64.1","accept":"*/*"}},"response":{"status":404,"message":"Not Found","header":{}},"app":{"subdomainOffset":2,"proxy":false,"env":"development"},"originalUrl":"/","req":"<original node req>","res":"<original node res>","socket":"<original node socket>"}
2022-12-17T10:06:55+08:00 [warn]: [logger error] [level:error] errMsg:test
2022-12-17T10:06:55+08:00 [info]: Hello again distributed logs
2022-12-17T10:06:55+08:00 [warn]: Hello again distributed logs
2022-12-17T10:07:09+08:00 [warn]: [logger error] [level:info] errMsg:aaa is not defined
2022-12-17T10:07:09+08:00 [info]: 123, {"request":{"method":"GET","url":"/","header":{"host":"127.0.0.1:3000","user-agent":"curl/7.64.1","accept":"*/*"}},"response":{"status":404,"message":"Not Found","header":{}},"app":{"subdomainOffset":2,"proxy":false,"env":"development"},"originalUrl":"/","req":"<original node req>","res":"<original node res>","socket":"<original node socket>"}
